[2015-09-08 17:15:32] START
[2015-09-14 14:34:18] EDIT custom/views/default/index.html: 1
[2015-09-14 14:34:20] EDIT custom/controllers/default.py: 4
[2015-09-14 14:34:23] EDIT custom/models/db.py: 0
[2015-09-14 14:35:56] EDIT custom/controllers/default.py: 0
[2015-09-14 15:11:31] EDIT custom/views/default/index.html: 0
[2015-09-14 15:11:34] EDIT custom/controllers/default.py: 0
[2015-09-14 15:11:37] EDIT custom/models/db.py: 18
[2015-09-14 15:14:43] EDIT custom/models/db.py: 0
[2015-09-14 15:34:50] EDIT custom/controllers/default.py: 0
[2015-09-14 16:20:51] EDIT custom/controllers/default.py: 0
[2015-09-14 17:27:29] EDIT custom/controllers/default.py: 0
[2015-09-16 11:05:21] EDIT custom/models/db.py: 0
[2015-09-16 15:36:34] EDIT custom/controllers/default.py: 8
[2015-09-16 15:59:23] EDIT custom/controllers/default.py: 2
[2015-09-16 15:59:40] EDIT custom/controllers/default.py: 0
[2015-09-16 15:59:42] EDIT custom/controllers/default.py: 0
[2015-09-16 16:00:00] EDIT custom/controllers/default.py: -1
[2015-09-16 16:00:10] EDIT custom/controllers/default.py: -1
[2015-09-16 16:00:21] EDIT custom/controllers/default.py: 1
[2015-09-16 16:49:02] EDIT custom/models/db.py: 6
[2015-09-16 16:50:36] EDIT custom/models/db.py: 0
[2015-09-16 16:52:35] EDIT custom/controllers/default.py: -2
[2015-09-16 16:53:54] EDIT custom/models/db.py: 0
[2015-09-22 16:00:48] EDIT custom/controllers/default.py: -1
[2015-09-22 16:01:22] EDIT custom/controllers/default.py: 0
[2015-10-19 11:11:31] EDIT custom/models/db.py: 0
[2015-10-19 11:11:33] EDIT custom/models/db.py: 0
[2015-10-22 17:35:29] EDIT custom/controllers/default.py: -2
[2015-10-22 17:35:31] EDIT custom/controllers/default.py: 0
[2015-10-22 17:38:06] EDIT custom/controllers/default.py: -2
[2015-10-22 17:38:21] EDIT custom/controllers/default.py: 0
[2015-10-22 17:38:24] EDIT custom/controllers/default.py: 0
[2015-10-22 17:39:49] EDIT custom/controllers/default.py: -1
[2015-10-22 17:43:38] EDIT custom/controllers/default.py: 0
[2015-10-22 17:43:40] EDIT custom/controllers/default.py: 0
[2015-10-22 17:44:00] EDIT custom/controllers/default.py: 0
[2015-10-22 17:44:11] EDIT custom/controllers/default.py: 0
[2015-10-22 17:44:55] EDIT custom/controllers/default.py: 0
[2015-10-22 17:45:00] EDIT custom/controllers/default.py: 0
[2015-10-22 17:51:54] EDIT custom/controllers/default.py: -5
[2015-10-22 18:04:14] EDIT custom/models/db.py: 0
[2015-10-22 18:04:19] EDIT custom/models/db.py: 0
[2015-10-22 18:11:57] EDIT custom/controllers/default.py: 0
[2015-10-22 18:19:29] EDIT custom/controllers/default.py: 0
[2015-10-22 18:22:23] EDIT custom/controllers/default.py: 0
[2015-10-22 18:22:25] EDIT custom/controllers/default.py: 0
[2015-10-23 10:44:09] EDIT custom/controllers/default.py: 0
[2015-10-23 11:10:42] EDIT custom/controllers/default.py: 1
[2015-10-23 13:30:53] EDIT custom/controllers/default.py: 0
[2015-10-23 13:30:56] EDIT custom/controllers/default.py: 0
[2015-11-20 10:39:18] EDIT pampers1/controllers/default.py: 0
[2015-11-20 11:02:37] EDIT pampers1/controllers/default.py: 0
[2015-11-20 11:04:20] EDIT pampers1/controllers/default.py: 0
[2015-11-20 11:04:24] EDIT pampers1/controllers/default.py: 0
[2015-11-20 11:04:25] EDIT pampers1/controllers/default.py: 0
[2015-11-20 11:25:47] EDIT pampers1/controllers/default.py: 0
[2015-11-20 11:25:48] EDIT pampers1/controllers/default.py: 0
[2015-11-20 11:52:38] EDIT pampers1/controllers/default.py: 0
[2015-11-20 11:52:42] EDIT pampers1/controllers/default.py: 0
[2015-11-20 11:59:29] EDIT pampers1/controllers/default.py: 0
[2015-11-20 11:59:31] EDIT pampers1/controllers/default.py: 0
[2015-11-20 11:59:35] EDIT pampers1/controllers/default.py: 0
[2015-11-20 14:55:18] EDIT pampers1/controllers/default.py: 0
[2015-11-20 14:55:45] EDIT pampers1/controllers/default.py: 0
[2015-11-20 14:56:39] EDIT pampers1/controllers/default.py: 1
[2015-11-20 14:57:18] EDIT pampers1/controllers/default.py: 0
[2015-11-20 15:05:45] EDIT pampers1/controllers/default.py: 0
[2015-11-20 15:05:48] EDIT pampers1/controllers/default.py: 0
[2015-11-20 16:10:54] EDIT pampers1/controllers/default.py: 0
[2015-11-20 17:29:05] EDIT pampers1/controllers/default.py: 3
[2015-11-20 17:29:07] EDIT pampers1/controllers/default.py: 0
[2015-11-20 17:29:35] EDIT pampers1/controllers/default.py: 0
[2015-11-20 18:39:31] EDIT pampers1/controllers/default.py: 1
[2015-11-20 18:39:36] EDIT pampers1/controllers/default.py: 0
[2015-11-20 18:40:04] EDIT pampers1/controllers/default.py: 0
[2015-11-20 18:40:06] EDIT pampers1/controllers/default.py: 0
[2015-11-23 09:41:09] EDIT pampers1/controllers/default.py: 0
[2015-11-23 09:43:18] EDIT pampers1/controllers/default.py: -2
[2015-11-23 09:43:18] EDIT pampers1/controllers/default.py: 0
[2015-11-23 10:08:19] EDIT pampers1/controllers/default.py: 0
[2015-11-23 10:09:41] EDIT pampers1/controllers/default.py: 1
[2015-11-23 10:09:44] EDIT pampers1/controllers/default.py: 0
[2015-11-23 10:20:06] EDIT pampers1/controllers/default.py: 0
[2015-11-23 10:20:08] EDIT pampers1/controllers/default.py: 0
[2015-11-23 10:27:32] EDIT pampers1/controllers/default.py: 0
[2015-11-23 10:27:36] EDIT pampers1/controllers/default.py: 0
[2015-11-23 10:34:08] EDIT pampers1/controllers/default.py: 0
[2015-11-23 10:34:11] EDIT pampers1/controllers/default.py: 0
[2015-11-23 11:32:21] EDIT pampers1/controllers/default.py: 0
[2015-11-23 11:35:20] EDIT pampers1/controllers/default.py: 0
[2015-11-23 11:35:21] EDIT pampers1/controllers/default.py: 0
[2015-11-23 11:38:33] EDIT pampers1/controllers/default.py: 0
[2015-11-23 11:38:40] EDIT pampers1/controllers/default.py: 0
[2015-11-23 11:47:41] EDIT pampers1/controllers/default.py: 0
[2015-11-23 11:47:43] EDIT pampers1/controllers/default.py: 0
[2015-11-23 12:04:38] EDIT pampers1/controllers/default.py: 0
[2015-11-23 12:04:39] EDIT pampers1/controllers/default.py: 0
[2015-11-23 13:24:26] EDIT pampers1/controllers/default.py: 0
[2015-11-23 13:24:30] EDIT pampers1/controllers/default.py: 0
[2015-11-23 13:29:06] EDIT pampers1/controllers/default.py: -1
[2015-11-23 13:29:07] EDIT pampers1/controllers/default.py: 0
[2015-11-23 13:29:07] EDIT pampers1/controllers/default.py: 0
[2015-11-23 13:36:32] EDIT pampers1/controllers/default.py: 0
[2015-11-23 16:13:49] EDIT pampers1/controllers/default.py: 2
[2015-11-23 16:13:50] EDIT pampers1/controllers/default.py: 0
[2015-11-23 16:18:30] EDIT pampers1/controllers/default.py: 0
[2015-11-23 16:18:31] EDIT pampers1/controllers/default.py: 0
[2015-11-24 14:24:21] EDIT pampers1/controllers/default.py: 0
[2015-11-24 15:16:25] EDIT pampers1/controllers/default.py: 0
