timestamp: 2015-09-08T17:15:45.941403
CREATE TABLE auth_user(
    id INTEGER PRIMARY KEY AUTOINCREMENT,
    first_name CHAR(128),
    last_name CHAR(128),
    email CHAR(512),
    password CHAR(512),
    registration_key CHAR(512),
    reset_password_key CHAR(512),
    registration_id CHAR(512)
);
success!
timestamp: 2015-09-08T17:15:45.950161
CREATE TABLE auth_group(
    id INTEGER PRIMARY KEY AUTOINCREMENT,
    role CHAR(512),
    description TEXT
);
success!
timestamp: 2015-09-08T17:15:45.961472
CREATE TABLE auth_membership(
    id INTEGER PRIMARY KEY AUTOINCREMENT,
    user_id INTEGER REFERENCES auth_user (id) ON DELETE CASCADE  ,
    group_id INTEGER REFERENCES auth_group (id) ON DELETE CASCADE  
);
success!
timestamp: 2015-09-08T17:15:46.036741
CREATE TABLE auth_permission(
    id INTEGER PRIMARY KEY AUTOINCREMENT,
    group_id INTEGER REFERENCES auth_group (id) ON DELETE CASCADE  ,
    name CHAR(512),
    table_name CHAR(512),
    record_id INTEGER
);
success!
timestamp: 2015-09-08T17:15:46.050410
CREATE TABLE auth_event(
    id INTEGER PRIMARY KEY AUTOINCREMENT,
    time_stamp TIMESTAMP,
    client_ip CHAR(512),
    user_id INTEGER REFERENCES auth_user (id) ON DELETE CASCADE  ,
    origin CHAR(512),
    description TEXT
);
success!
timestamp: 2015-09-08T17:15:46.065176
CREATE TABLE auth_cas(
    id INTEGER PRIMARY KEY AUTOINCREMENT,
    user_id INTEGER REFERENCES auth_user (id) ON DELETE CASCADE  ,
    created_on TIMESTAMP,
    service CHAR(512),
    ticket CHAR(512),
    renew CHAR(1)
);
success!
timestamp: 2015-09-14T15:14:55.141539
CREATE TABLE custom_order(
    id INTEGER PRIMARY KEY AUTOINCREMENT,
    order_id CHAR(512) UNIQUE,
    shop_name CHAR(512),
    ex_id CHAR(512),
    telephone CHAR(512),
    mobile CHAR(512),
    user_name CHAR(512),
    province CHAR(512),
    city CHAR(512),
    county CHAR(512),
    address CHAR(512),
    product_id CHAR(512),
    barcode CHAR(512),
    specification CHAR(512),
    ex_product_name CHAR(512),
    product_name CHAR(512),
    order_num CHAR(512),
    ex_spec CHAR(512)
);
success!
success!
timestamp: 2015-09-16T16:54:30.475285
CREATE TABLE db_map(
    id INTEGER PRIMARY KEY AUTOINCREMENT,
    table_type CHAR(20),
    table_name CHAR(40),
    field_name CHAR(40),
    field_id CHAR(40),
    field_order INTEGER
);
success!
